0 verbose cli C:\Program Files\nodejs\node.exe C:\Program Files\nodejs\node_modules\npm\bin\npm-cli.js
1 info using npm@10.5.0
2 info using node@v21.7.3
3 timing npm:load:whichnode Completed in 4ms
4 timing config:load:defaults Completed in 5ms
5 timing config:load:file:C:\Program Files\nodejs\node_modules\npm\npmrc Completed in 7ms
6 timing config:load:builtin Completed in 7ms
7 timing config:load:cli Completed in 6ms
8 timing config:load:env Completed in 1ms
9 timing config:load:file:C:\Projrcts\SchoolMemo\.npmrc Completed in 1ms
10 timing config:load:project Completed in 4ms
11 timing config:load:file:C:\Users\91911\.npmrc Completed in 0ms
12 timing config:load:user Completed in 0ms
13 timing config:load:file:C:\Users\91911\AppData\Roaming\npm\etc\npmrc Completed in 0ms
14 timing config:load:global Completed in 1ms
15 timing config:load:setEnvs Completed in 2ms
16 timing config:load Completed in 27ms
17 timing npm:load:configload Completed in 27ms
18 timing config:load:flatten Completed in 4ms
19 timing npm:load:mkdirpcache Completed in 1ms
20 timing npm:load:mkdirplogs Completed in 2ms
21 verbose title npm install
22 verbose argv "install" "--cache" "./package"
23 timing npm:load:setTitle Completed in 2ms
24 timing npm:load:display Completed in 1ms
25 verbose logfile logs-max:10 dir:C:\Projrcts\SchoolMemo\package\_logs\2025-03-27T11_59_33_301Z-
26 verbose logfile C:\Projrcts\SchoolMemo\package\_logs\2025-03-27T11_59_33_301Z-debug-0.log
27 timing npm:load:logFile Completed in 22ms
28 timing npm:load:timers Completed in 0ms
29 timing npm:load:configScope Completed in 0ms
30 timing npm:load Completed in 113ms
31 timing arborist:ctor Completed in 1ms
32 silly logfile done cleaning log files
33 timing arborist:ctor Completed in 0ms
34 timing idealTree:init Completed in 20ms
35 timing idealTree:userRequests Completed in 1ms
36 silly idealTree buildDeps
37 silly fetch manifest @hookform/resolvers@^3.9.1
38 http fetch GET 200 https://registry.npmjs.org/@hookform%2fresolvers 414ms (cache miss)
39 silly fetch manifest react-hook-form@^7.54.1
40 http fetch GET 200 https://registry.npmjs.org/npm 545ms
41 http fetch GET 200 https://registry.npmjs.org/react-hook-form 454ms (cache miss)
42 silly fetch manifest react@^19
43 http fetch GET 200 https://registry.npmjs.org/react 383ms (cache miss)
44 silly fetch manifest @radix-ui/react-accordion@^1.2.2
45 http fetch GET 200 https://registry.npmjs.org/@radix-ui%2freact-accordion 149ms (cache miss)
46 silly fetch manifest @types/react@^19
47 http fetch GET 200 https://registry.npmjs.org/@types%2freact 190ms (cache miss)
48 silly fetch manifest @types/react-dom@^19
49 http fetch GET 200 https://registry.npmjs.org/@types%2freact-dom 132ms (cache miss)
50 silly fetch manifest react-dom@^19
51 http fetch GET 200 https://registry.npmjs.org/react-dom 363ms (cache miss)
52 silly fetch manifest @radix-ui/react-alert-dialog@^1.1.4
53 http fetch GET 200 https://registry.npmjs.org/@radix-ui%2freact-alert-dialog 140ms (cache miss)
54 silly fetch manifest @radix-ui/react-aspect-ratio@^1.1.1
55 http fetch GET 200 https://registry.npmjs.org/@radix-ui%2freact-aspect-ratio 131ms (cache miss)
56 silly fetch manifest @radix-ui/react-avatar@^1.1.2
57 http fetch GET 200 https://registry.npmjs.org/@radix-ui%2freact-avatar 145ms (cache miss)
58 silly fetch manifest @radix-ui/react-checkbox@^1.1.3
59 http fetch GET 200 https://registry.npmjs.org/@radix-ui%2freact-checkbox 151ms (cache miss)
60 silly fetch manifest @radix-ui/react-collapsible@^1.1.2
61 http fetch GET 200 https://registry.npmjs.org/@radix-ui%2freact-collapsible 158ms (cache miss)
62 silly fetch manifest @radix-ui/react-context-menu@^2.2.4
63 http fetch GET 200 https://registry.npmjs.org/@radix-ui%2freact-context-menu 138ms (cache miss)
64 silly fetch manifest @radix-ui/react-dialog@^1.1.4
65 http fetch GET 200 https://registry.npmjs.org/@radix-ui%2freact-dialog 149ms (cache miss)
66 silly fetch manifest @radix-ui/react-dropdown-menu@^2.1.4
67 http fetch GET 200 https://registry.npmjs.org/@radix-ui%2freact-dropdown-menu 140ms (cache miss)
68 silly fetch manifest @radix-ui/react-hover-card@^1.1.4
69 http fetch GET 200 https://registry.npmjs.org/@radix-ui%2freact-hover-card 140ms (cache miss)
70 silly fetch manifest @radix-ui/react-label@^2.1.1
71 http fetch GET 200 https://registry.npmjs.org/@radix-ui%2freact-label 127ms (cache miss)
72 silly fetch manifest @radix-ui/react-menubar@^1.1.4
73 http fetch GET 200 https://registry.npmjs.org/@radix-ui%2freact-menubar 138ms (cache miss)
74 silly fetch manifest @radix-ui/react-navigation-menu@^1.2.3
75 http fetch GET 200 https://registry.npmjs.org/@radix-ui%2freact-navigation-menu 141ms (cache miss)
76 silly fetch manifest @radix-ui/react-popover@^1.1.4
77 http fetch GET 200 https://registry.npmjs.org/@radix-ui%2freact-popover 131ms (cache miss)
78 silly fetch manifest @radix-ui/react-progress@^1.1.1
79 http fetch GET 200 https://registry.npmjs.org/@radix-ui%2freact-progress 151ms (cache miss)
80 silly fetch manifest @radix-ui/react-radio-group@^1.2.2
81 http fetch GET 200 https://registry.npmjs.org/@radix-ui%2freact-radio-group 137ms (cache miss)
82 silly fetch manifest @radix-ui/react-scroll-area@^1.2.2
83 http fetch GET 200 https://registry.npmjs.org/@radix-ui%2freact-scroll-area 154ms (cache miss)
84 silly fetch manifest @radix-ui/react-select@^2.1.4
85 http fetch GET 200 https://registry.npmjs.org/@radix-ui%2freact-select 136ms (cache miss)
86 silly fetch manifest @radix-ui/react-separator@^1.1.1
87 http fetch GET 200 https://registry.npmjs.org/@radix-ui%2freact-separator 117ms (cache miss)
88 silly fetch manifest @radix-ui/react-slider@^1.2.2
89 http fetch GET 200 https://registry.npmjs.org/@radix-ui%2freact-slider 147ms (cache miss)
90 silly fetch manifest @radix-ui/react-slot@^1.1.1
91 http fetch GET 200 https://registry.npmjs.org/@radix-ui%2freact-slot 122ms (cache miss)
92 silly fetch manifest @radix-ui/react-switch@^1.1.2
93 http fetch GET 200 https://registry.npmjs.org/@radix-ui%2freact-switch 138ms (cache miss)
94 silly fetch manifest @radix-ui/react-tabs@^1.1.2
95 http fetch GET 200 https://registry.npmjs.org/@radix-ui%2freact-tabs 148ms (cache miss)
96 silly fetch manifest @radix-ui/react-toast@^1.2.4
97 http fetch GET 200 https://registry.npmjs.org/@radix-ui%2freact-toast 124ms (cache miss)
98 silly fetch manifest @radix-ui/react-toggle@^1.1.1
99 http fetch GET 200 https://registry.npmjs.org/@radix-ui%2freact-toggle 134ms (cache miss)
100 silly fetch manifest @radix-ui/react-toggle-group@^1.1.1
101 http fetch GET 200 https://registry.npmjs.org/@radix-ui%2freact-toggle-group 120ms (cache miss)
102 silly fetch manifest @radix-ui/react-tooltip@^1.1.6
103 http fetch GET 200 https://registry.npmjs.org/@radix-ui%2freact-tooltip 132ms (cache miss)
104 silly fetch manifest autoprefixer@^10.4.20
105 http fetch GET 200 https://registry.npmjs.org/autoprefixer 122ms (cache miss)
106 silly fetch manifest postcss@^8
107 http fetch GET 200 https://registry.npmjs.org/postcss 127ms (cache miss)
108 silly fetch manifest class-variance-authority@^0.7.1
109 http fetch GET 200 https://registry.npmjs.org/class-variance-authority 87ms (cache miss)
110 silly fetch manifest clsx@^2.1.1
111 http fetch GET 200 https://registry.npmjs.org/clsx 91ms (cache miss)
112 silly fetch manifest cmdk@1.0.4
113 http fetch GET 200 https://registry.npmjs.org/cmdk 114ms (cache miss)
114 silly fetch manifest date-fns@4.1.0
115 http fetch GET 200 https://registry.npmjs.org/date-fns 233ms (cache miss)
116 silly fetch manifest embla-carousel-react@8.5.1
117 http fetch GET 200 https://registry.npmjs.org/embla-carousel-react 116ms (cache miss)
118 silly fetch manifest input-otp@1.4.1
119 http fetch GET 200 https://registry.npmjs.org/input-otp 78ms (cache miss)
120 silly fetch manifest lucide-react@^0.454.0
121 http fetch GET 200 https://registry.npmjs.org/lucide-react 162ms (cache miss)
122 silly fetch manifest next@15.1.0
123 http fetch GET 200 https://registry.npmjs.org/next 576ms (cache miss)
124 silly fetch manifest @opentelemetry/api@^1.1.0
125 http fetch GET 200 https://registry.npmjs.org/@opentelemetry%2fapi 136ms (cache miss)
126 silly fetch manifest @playwright/test@^1.41.2
127 http fetch GET 200 https://registry.npmjs.org/@playwright%2ftest 386ms (cache miss)
128 silly fetch manifest babel-plugin-react-compiler@*
129 http fetch GET 200 https://registry.npmjs.org/babel-plugin-react-compiler 143ms (cache miss)
130 silly fetch manifest sass@^1.3.0
131 http fetch GET 200 https://registry.npmjs.org/sass 145ms (cache miss)
132 silly fetch manifest next-themes@^0.4.4
133 http fetch GET 200 https://registry.npmjs.org/next-themes 91ms (cache miss)
134 silly fetch manifest react-day-picker@8.10.1
135 http fetch GET 200 https://registry.npmjs.org/react-day-picker 113ms (cache miss)
136 silly fetch manifest date-fns@^2.28.0 || ^3.0.0
137 timing idealTree Completed in 9473ms
138 timing command:install Completed in 9559ms
139 notice
139 notice New [31mmajor[39m version of npm available! [31m10.5.0[39m -> [32m11.2.0[39m
139 notice Changelog: [36mhttps://github.com/npm/cli/releases/tag/v11.2.0[39m
139 notice Run [32mnpm install -g npm@11.2.0[39m to update!
139 notice
140 verbose stack Error: unable to resolve dependency tree
140 verbose stack     at #failPeerConflict (C:\Program Files\nodejs\node_modules\npm\node_modules\@npmcli\arborist\lib\arborist\build-ideal-tree.js:1387:25)
140 verbose stack     at #loadPeerSet (C:\Program Files\nodejs\node_modules\npm\node_modules\@npmcli\arborist\lib\arborist\build-ideal-tree.js:1353:33)
140 verbose stack     at async #buildDepStep (C:\Program Files\nodejs\node_modules\npm\node_modules\@npmcli\arborist\lib\arborist\build-ideal-tree.js:924:11)
140 verbose stack     at async Arborist.buildIdealTree (C:\Program Files\nodejs\node_modules\npm\node_modules\@npmcli\arborist\lib\arborist\build-ideal-tree.js:203:7)
140 verbose stack     at async Promise.all (index 1)
140 verbose stack     at async Arborist.reify (C:\Program Files\nodejs\node_modules\npm\node_modules\@npmcli\arborist\lib\arborist\reify.js:154:5)
140 verbose stack     at async Install.exec (C:\Program Files\nodejs\node_modules\npm\lib\commands\install.js:153:5)
140 verbose stack     at async module.exports (C:\Program Files\nodejs\node_modules\npm\lib\cli-entry.js:61:5)
141 verbose cwd C:\Projrcts\SchoolMemo
142 verbose Windows_NT 10.0.26100
143 verbose node v21.7.3
144 verbose npm  v10.5.0
145 error code ERESOLVE
146 error ERESOLVE unable to resolve dependency tree
147 error
148 error While resolving: [1mmy-v0-project[22m@[1m0.1.0[22m
148 error Found: [1mdate-fns[22m@[1m4.1.0[22m[2m[22m
148 error [2mnode_modules/date-fns[22m
148 error   [1mdate-fns[22m@"[1m4.1.0[22m" from the root project
148 error
148 error Could not resolve dependency:
148 error [35mpeer[39m [1mdate-fns[22m@"[1m^2.28.0 || ^3.0.0[22m" from [1mreact-day-picker[22m@[1m8.10.1[22m[2m[22m
148 error [2mnode_modules/react-day-picker[22m
148 error   [1mreact-day-picker[22m@"[1m8.10.1[22m" from the root project
148 error
148 error Fix the upstream dependency conflict, or retry
148 error this command with --force or --legacy-peer-deps
148 error to accept an incorrect (and potentially broken) dependency resolution.
149 error
149 error
149 error For a full report see:
149 error C:\Projrcts\SchoolMemo\package\_logs\2025-03-27T11_59_33_301Z-eresolve-report.txt
150 verbose exit 1
151 timing npm Completed in 10187ms
152 verbose unfinished npm timer reify 1743076773904
153 verbose unfinished npm timer reify:loadTrees 1743076773985
154 verbose unfinished npm timer idealTree:buildDeps 1743076774009
155 verbose unfinished npm timer idealTree:#root 1743076774010
156 verbose code 1
157 error A complete log of this run can be found in: C:\Projrcts\SchoolMemo\package\_logs\2025-03-27T11_59_33_301Z-debug-0.log
